The system is: Darwin - 17.5.0 - x86_64
Compiling the C compiler identification source file "CMakeCCompilerId.c" succeeded.
Compiler: /Library/Developer/CommandLineTools/usr/bin/cc 
Build flags: 
Id flags:  

The output was:
0


Compilation of the C compiler identification source "CMakeCCompilerId.c" produced "a.out"

The C compiler identification is AppleClang, found in "/nfs/2018/z/zfaria/Desktop/projects/rt/lib/libpng-1.6.37/CMakeFiles/3.13.2/CompilerIdC/a.out"

Checking whether the ASM compiler is AppleClang using "--version" matched "(Apple LLVM version)":
Apple LLVM version 9.1.0 (clang-902.0.39.1)
Target: x86_64-apple-darwin17.5.0
Thread model: posix
InstalledDir: /Library/Developer/CommandLineTools/usr/bin
Determining if the C compiler works passed with the following output:
Change Dir: /nfs/2018/z/zfaria/Desktop/projects/rt/lib/libpng-1.6.37/CMakeFiles/CMakeTmp

Run Build Command:"/usr/bin/make" "cmTC_e850f/fast"
/Library/Developer/CommandLineTools/usr/bin/make -f CMakeFiles/cmTC_e850f.dir/build.make CMakeFiles/cmTC_e850f.dir/build
Building C object CMakeFiles/cmTC_e850f.dir/testCCompiler.c.o
/Library/Developer/CommandLineTools/usr/bin/cc    -o CMakeFiles/cmTC_e850f.dir/testCCompiler.c.o   -c /nfs/2018/z/zfaria/Desktop/projects/rt/lib/libpng-1.6.37/CMakeFiles/CMakeTmp/testCCompiler.c
Linking C executable cmTC_e850f
/nfs/2018/z/zfaria/.brew/Cellar/cmake/3.13.2/bin/cmake -E cmake_link_script CMakeFiles/cmTC_e850f.dir/link.txt --verbose=1
/Library/Developer/CommandLineTools/usr/bin/cc   -Wl,-search_paths_first -Wl,-headerpad_max_install_names   CMakeFiles/cmTC_e850f.dir/testCCompiler.c.o  -o cmTC_e850f 


Detecting C compiler ABI info compiled with the following output:
Change Dir: /nfs/2018/z/zfaria/Desktop/projects/rt/lib/libpng-1.6.37/CMakeFiles/CMakeTmp

Run Build Command:"/usr/bin/make" "cmTC_64f47/fast"
/Library/Developer/CommandLineTools/usr/bin/make -f CMakeFiles/cmTC_64f47.dir/build.make CMakeFiles/cmTC_64f47.dir/build
Building C object CMakeFiles/cmTC_64f47.dir/CMakeCCompilerABI.c.o
/Library/Developer/CommandLineTools/usr/bin/cc    -o CMakeFiles/cmTC_64f47.dir/CMakeCCompilerABI.c.o   -c /nfs/2018/z/zfaria/.brew/Cellar/cmake/3.13.2/share/cmake/Modules/CMakeCCompilerABI.c
Linking C executable cmTC_64f47
/nfs/2018/z/zfaria/.brew/Cellar/cmake/3.13.2/bin/cmake -E cmake_link_script CMakeFiles/cmTC_64f47.dir/link.txt --verbose=1
/Library/Developer/CommandLineTools/usr/bin/cc   -Wl,-search_paths_first -Wl,-headerpad_max_install_names  -v -Wl,-v CMakeFiles/cmTC_64f47.dir/CMakeCCompilerABI.c.o  -o cmTC_64f47 
Apple LLVM version 9.1.0 (clang-902.0.39.1)
Target: x86_64-apple-darwin17.5.0
Thread model: posix
InstalledDir: /Library/Developer/CommandLineTools/usr/bin
 "/Library/Developer/CommandLineTools/usr/bin/ld" -demangle -lto_library /Library/Developer/CommandLineTools/usr/lib/libLTO.dylib -dynamic -arch x86_64 -macosx_version_min 10.13.0 -o cmTC_64f47 -search_paths_first -headerpad_max_install_names -v CMakeFiles/cmTC_64f47.dir/CMakeCCompilerABI.c.o -lSystem /Library/Developer/CommandLineTools/usr/lib/clang/9.1.0/lib/darwin/libclang_rt.osx.a
@(#)PROGRAM:ld  PROJECT:ld64-351.8
configured to support archs: armv6 armv7 armv7s arm64 i386 x86_64 x86_64h armv6m armv7k armv7m armv7em (tvOS)
Library search paths:
	/usr/lib
	/usr/local/lib
Framework search paths:
	/Library/Frameworks/
	/System/Library/Frameworks/


Parsed C implicit link information from above output:
  link line regex: [^( *|.*[/\])(ld|CMAKE_LINK_STARTFILE-NOTFOUND|([^/\]+-)?ld|collect2)[^/\]*( |$)]
  ignore line: [Change Dir: /nfs/2018/z/zfaria/Desktop/projects/rt/lib/libpng-1.6.37/CMakeFiles/CMakeTmp]
  ignore line: []
  ignore line: [Run Build Command:"/usr/bin/make" "cmTC_64f47/fast"]
  ignore line: [/Library/Developer/CommandLineTools/usr/bin/make -f CMakeFiles/cmTC_64f47.dir/build.make CMakeFiles/cmTC_64f47.dir/build]
  ignore line: [Building C object CMakeFiles/cmTC_64f47.dir/CMakeCCompilerABI.c.o]
  ignore line: [/Library/Developer/CommandLineTools/usr/bin/cc    -o CMakeFiles/cmTC_64f47.dir/CMakeCCompilerABI.c.o   -c /nfs/2018/z/zfaria/.brew/Cellar/cmake/3.13.2/share/cmake/Modules/CMakeCCompilerABI.c]
  ignore line: [Linking C executable cmTC_64f47]
  ignore line: [/nfs/2018/z/zfaria/.brew/Cellar/cmake/3.13.2/bin/cmake -E cmake_link_script CMakeFiles/cmTC_64f47.dir/link.txt --verbose=1]
  ignore line: [/Library/Developer/CommandLineTools/usr/bin/cc   -Wl,-search_paths_first -Wl,-headerpad_max_install_names  -v -Wl,-v CMakeFiles/cmTC_64f47.dir/CMakeCCompilerABI.c.o  -o cmTC_64f47 ]
  ignore line: [Apple LLVM version 9.1.0 (clang-902.0.39.1)]
  ignore line: [Target: x86_64-apple-darwin17.5.0]
  ignore line: [Thread model: posix]
  ignore line: [InstalledDir: /Library/Developer/CommandLineTools/usr/bin]
  link line: [ "/Library/Developer/CommandLineTools/usr/bin/ld" -demangle -lto_library /Library/Developer/CommandLineTools/usr/lib/libLTO.dylib -dynamic -arch x86_64 -macosx_version_min 10.13.0 -o cmTC_64f47 -search_paths_first -headerpad_max_install_names -v CMakeFiles/cmTC_64f47.dir/CMakeCCompilerABI.c.o -lSystem /Library/Developer/CommandLineTools/usr/lib/clang/9.1.0/lib/darwin/libclang_rt.osx.a]
    arg [/Library/Developer/CommandLineTools/usr/bin/ld] ==> ignore
    arg [-demangle] ==> ignore
    arg [-lto_library] ==> ignore, skip following value
    arg [/Library/Developer/CommandLineTools/usr/lib/libLTO.dylib] ==> skip value of -lto_library
    arg [-dynamic] ==> ignore
    arg [-arch] ==> ignore
    arg [x86_64] ==> ignore
    arg [-macosx_version_min] ==> ignore
    arg [10.13.0] ==> ignore
    arg [-o] ==> ignore
    arg [cmTC_64f47] ==> ignore
    arg [-search_paths_first] ==> ignore
    arg [-headerpad_max_install_names] ==> ignore
    arg [-v] ==> ignore
    arg [CMakeFiles/cmTC_64f47.dir/CMakeCCompilerABI.c.o] ==> ignore
    arg [-lSystem] ==> lib [System]
    arg [/Library/Developer/CommandLineTools/usr/lib/clang/9.1.0/lib/darwin/libclang_rt.osx.a] ==> lib [/Library/Developer/CommandLineTools/usr/lib/clang/9.1.0/lib/darwin/libclang_rt.osx.a]
  Library search paths: [;/usr/lib;/usr/local/lib]
  Framework search paths: [;/Library/Frameworks/;/System/Library/Frameworks/]
  remove lib [System]
  remove lib [/Library/Developer/CommandLineTools/usr/lib/clang/9.1.0/lib/darwin/libclang_rt.osx.a]
  collapse library dir [/usr/lib] ==> [/usr/lib]
  collapse library dir [/usr/local/lib] ==> [/usr/local/lib]
  collapse framework dir [/Library/Frameworks/] ==> [/Library/Frameworks]
  collapse framework dir [/System/Library/Frameworks/] ==> [/System/Library/Frameworks]
  implicit libs: []
  implicit dirs: [/usr/lib;/usr/local/lib]
  implicit fwks: [/Library/Frameworks;/System/Library/Frameworks]


The system is: Darwin - 17.5.0 - x86_64
Compiling the C compiler identification source file "CMakeCCompilerId.c" succeeded.
Compiler: /Library/Developer/CommandLineTools/usr/bin/cc 
Build flags: 
Id flags:  

The output was:
0


Compilation of the C compiler identification source "CMakeCCompilerId.c" produced "a.out"

The C compiler identification is AppleClang, found in "/nfs/2018/z/zfaria/Desktop/projects/rt/lib/libpng-1.6.37/CMakeFiles/3.13.2/CompilerIdC/a.out"

Checking whether the ASM compiler is AppleClang using "--version" matched "(Apple LLVM version)":
Apple LLVM version 9.1.0 (clang-902.0.39.1)
Target: x86_64-apple-darwin17.5.0
Thread model: posix
InstalledDir: /Library/Developer/CommandLineTools/usr/bin
Determining if the C compiler works passed with the following output:
Change Dir: /nfs/2018/z/zfaria/Desktop/projects/rt/lib/libpng-1.6.37/CMakeFiles/CMakeTmp

Run Build Command:"/usr/bin/make" "cmTC_ac94a/fast"
/Library/Developer/CommandLineTools/usr/bin/make -f CMakeFiles/cmTC_ac94a.dir/build.make CMakeFiles/cmTC_ac94a.dir/build
Building C object CMakeFiles/cmTC_ac94a.dir/testCCompiler.c.o
/Library/Developer/CommandLineTools/usr/bin/cc    -o CMakeFiles/cmTC_ac94a.dir/testCCompiler.c.o   -c /nfs/2018/z/zfaria/Desktop/projects/rt/lib/libpng-1.6.37/CMakeFiles/CMakeTmp/testCCompiler.c
Linking C executable cmTC_ac94a
/nfs/2018/z/zfaria/.brew/Cellar/cmake/3.13.2/bin/cmake -E cmake_link_script CMakeFiles/cmTC_ac94a.dir/link.txt --verbose=1
/Library/Developer/CommandLineTools/usr/bin/cc   -Wl,-search_paths_first -Wl,-headerpad_max_install_names   CMakeFiles/cmTC_ac94a.dir/testCCompiler.c.o  -o cmTC_ac94a 


Detecting C compiler ABI info compiled with the following output:
Change Dir: /nfs/2018/z/zfaria/Desktop/projects/rt/lib/libpng-1.6.37/CMakeFiles/CMakeTmp

Run Build Command:"/usr/bin/make" "cmTC_39349/fast"
/Library/Developer/CommandLineTools/usr/bin/make -f CMakeFiles/cmTC_39349.dir/build.make CMakeFiles/cmTC_39349.dir/build
Building C object CMakeFiles/cmTC_39349.dir/CMakeCCompilerABI.c.o
/Library/Developer/CommandLineTools/usr/bin/cc    -o CMakeFiles/cmTC_39349.dir/CMakeCCompilerABI.c.o   -c /nfs/2018/z/zfaria/.brew/Cellar/cmake/3.13.2/share/cmake/Modules/CMakeCCompilerABI.c
Linking C executable cmTC_39349
/nfs/2018/z/zfaria/.brew/Cellar/cmake/3.13.2/bin/cmake -E cmake_link_script CMakeFiles/cmTC_39349.dir/link.txt --verbose=1
/Library/Developer/CommandLineTools/usr/bin/cc   -Wl,-search_paths_first -Wl,-headerpad_max_install_names  -v -Wl,-v CMakeFiles/cmTC_39349.dir/CMakeCCompilerABI.c.o  -o cmTC_39349 
Apple LLVM version 9.1.0 (clang-902.0.39.1)
Target: x86_64-apple-darwin17.5.0
Thread model: posix
InstalledDir: /Library/Developer/CommandLineTools/usr/bin
 "/Library/Developer/CommandLineTools/usr/bin/ld" -demangle -lto_library /Library/Developer/CommandLineTools/usr/lib/libLTO.dylib -dynamic -arch x86_64 -macosx_version_min 10.13.0 -o cmTC_39349 -search_paths_first -headerpad_max_install_names -v CMakeFiles/cmTC_39349.dir/CMakeCCompilerABI.c.o -lSystem /Library/Developer/CommandLineTools/usr/lib/clang/9.1.0/lib/darwin/libclang_rt.osx.a
@(#)PROGRAM:ld  PROJECT:ld64-351.8
configured to support archs: armv6 armv7 armv7s arm64 i386 x86_64 x86_64h armv6m armv7k armv7m armv7em (tvOS)
Library search paths:
	/usr/lib
	/usr/local/lib
Framework search paths:
	/Library/Frameworks/
	/System/Library/Frameworks/


Parsed C implicit link information from above output:
  link line regex: [^( *|.*[/\])(ld|CMAKE_LINK_STARTFILE-NOTFOUND|([^/\]+-)?ld|collect2)[^/\]*( |$)]
  ignore line: [Change Dir: /nfs/2018/z/zfaria/Desktop/projects/rt/lib/libpng-1.6.37/CMakeFiles/CMakeTmp]
  ignore line: []
  ignore line: [Run Build Command:"/usr/bin/make" "cmTC_39349/fast"]
  ignore line: [/Library/Developer/CommandLineTools/usr/bin/make -f CMakeFiles/cmTC_39349.dir/build.make CMakeFiles/cmTC_39349.dir/build]
  ignore line: [Building C object CMakeFiles/cmTC_39349.dir/CMakeCCompilerABI.c.o]
  ignore line: [/Library/Developer/CommandLineTools/usr/bin/cc    -o CMakeFiles/cmTC_39349.dir/CMakeCCompilerABI.c.o   -c /nfs/2018/z/zfaria/.brew/Cellar/cmake/3.13.2/share/cmake/Modules/CMakeCCompilerABI.c]
  ignore line: [Linking C executable cmTC_39349]
  ignore line: [/nfs/2018/z/zfaria/.brew/Cellar/cmake/3.13.2/bin/cmake -E cmake_link_script CMakeFiles/cmTC_39349.dir/link.txt --verbose=1]
  ignore line: [/Library/Developer/CommandLineTools/usr/bin/cc   -Wl,-search_paths_first -Wl,-headerpad_max_install_names  -v -Wl,-v CMakeFiles/cmTC_39349.dir/CMakeCCompilerABI.c.o  -o cmTC_39349 ]
  ignore line: [Apple LLVM version 9.1.0 (clang-902.0.39.1)]
  ignore line: [Target: x86_64-apple-darwin17.5.0]
  ignore line: [Thread model: posix]
  ignore line: [InstalledDir: /Library/Developer/CommandLineTools/usr/bin]
  link line: [ "/Library/Developer/CommandLineTools/usr/bin/ld" -demangle -lto_library /Library/Developer/CommandLineTools/usr/lib/libLTO.dylib -dynamic -arch x86_64 -macosx_version_min 10.13.0 -o cmTC_39349 -search_paths_first -headerpad_max_install_names -v CMakeFiles/cmTC_39349.dir/CMakeCCompilerABI.c.o -lSystem /Library/Developer/CommandLineTools/usr/lib/clang/9.1.0/lib/darwin/libclang_rt.osx.a]
    arg [/Library/Developer/CommandLineTools/usr/bin/ld] ==> ignore
    arg [-demangle] ==> ignore
    arg [-lto_library] ==> ignore, skip following value
    arg [/Library/Developer/CommandLineTools/usr/lib/libLTO.dylib] ==> skip value of -lto_library
    arg [-dynamic] ==> ignore
    arg [-arch] ==> ignore
    arg [x86_64] ==> ignore
    arg [-macosx_version_min] ==> ignore
    arg [10.13.0] ==> ignore
    arg [-o] ==> ignore
    arg [cmTC_39349] ==> ignore
    arg [-search_paths_first] ==> ignore
    arg [-headerpad_max_install_names] ==> ignore
    arg [-v] ==> ignore
    arg [CMakeFiles/cmTC_39349.dir/CMakeCCompilerABI.c.o] ==> ignore
    arg [-lSystem] ==> lib [System]
    arg [/Library/Developer/CommandLineTools/usr/lib/clang/9.1.0/lib/darwin/libclang_rt.osx.a] ==> lib [/Library/Developer/CommandLineTools/usr/lib/clang/9.1.0/lib/darwin/libclang_rt.osx.a]
  Library search paths: [;/usr/lib;/usr/local/lib]
  Framework search paths: [;/Library/Frameworks/;/System/Library/Frameworks/]
  remove lib [System]
  remove lib [/Library/Developer/CommandLineTools/usr/lib/clang/9.1.0/lib/darwin/libclang_rt.osx.a]
  collapse library dir [/usr/lib] ==> [/usr/lib]
  collapse library dir [/usr/local/lib] ==> [/usr/local/lib]
  collapse framework dir [/Library/Frameworks/] ==> [/Library/Frameworks]
  collapse framework dir [/System/Library/Frameworks/] ==> [/System/Library/Frameworks]
  implicit libs: []
  implicit dirs: [/usr/lib;/usr/local/lib]
  implicit fwks: [/Library/Frameworks;/System/Library/Frameworks]




Detecting C [-std=c11] compiler features compiled with the following output:
Change Dir: /nfs/2018/z/zfaria/Desktop/projects/rt/lib/libpng-1.6.37/CMakeFiles/CMakeTmp

Run Build Command:"/usr/bin/make" "cmTC_d5c6e/fast"
/Library/Developer/CommandLineTools/usr/bin/make -f CMakeFiles/cmTC_d5c6e.dir/build.make CMakeFiles/cmTC_d5c6e.dir/build
Building C object CMakeFiles/cmTC_d5c6e.dir/feature_tests.c.o
/Library/Developer/CommandLineTools/usr/bin/cc   -std=c11 -o CMakeFiles/cmTC_d5c6e.dir/feature_tests.c.o   -c /nfs/2018/z/zfaria/Desktop/projects/rt/lib/libpng-1.6.37/CMakeFiles/feature_tests.c
Linking C executable cmTC_d5c6e
/nfs/2018/z/zfaria/.brew/Cellar/cmake/3.13.2/bin/cmake -E cmake_link_script CMakeFiles/cmTC_d5c6e.dir/link.txt --verbose=1
/Library/Developer/CommandLineTools/usr/bin/cc   -Wl,-search_paths_first -Wl,-headerpad_max_install_names   CMakeFiles/cmTC_d5c6e.dir/feature_tests.c.o  -o cmTC_d5c6e 


    Feature record: C_FEATURE:1c_function_prototypes
    Feature record: C_FEATURE:1c_restrict
    Feature record: C_FEATURE:1c_static_assert
    Feature record: C_FEATURE:1c_variadic_macros


Detecting C [-std=c99] compiler features compiled with the following output:
Change Dir: /nfs/2018/z/zfaria/Desktop/projects/rt/lib/libpng-1.6.37/CMakeFiles/CMakeTmp

Run Build Command:"/usr/bin/make" "cmTC_03fa7/fast"
/Library/Developer/CommandLineTools/usr/bin/make -f CMakeFiles/cmTC_03fa7.dir/build.make CMakeFiles/cmTC_03fa7.dir/build
Building C object CMakeFiles/cmTC_03fa7.dir/feature_tests.c.o
/Library/Developer/CommandLineTools/usr/bin/cc   -std=c99 -o CMakeFiles/cmTC_03fa7.dir/feature_tests.c.o   -c /nfs/2018/z/zfaria/Desktop/projects/rt/lib/libpng-1.6.37/CMakeFiles/feature_tests.c
Linking C executable cmTC_03fa7
/nfs/2018/z/zfaria/.brew/Cellar/cmake/3.13.2/bin/cmake -E cmake_link_script CMakeFiles/cmTC_03fa7.dir/link.txt --verbose=1
/Library/Developer/CommandLineTools/usr/bin/cc   -Wl,-search_paths_first -Wl,-headerpad_max_install_names   CMakeFiles/cmTC_03fa7.dir/feature_tests.c.o  -o cmTC_03fa7 


    Feature record: C_FEATURE:1c_function_prototypes
    Feature record: C_FEATURE:1c_restrict
    Feature record: C_FEATURE:0c_static_assert
    Feature record: C_FEATURE:1c_variadic_macros


Detecting C [-std=c90] compiler features compiled with the following output:
Change Dir: /nfs/2018/z/zfaria/Desktop/projects/rt/lib/libpng-1.6.37/CMakeFiles/CMakeTmp

Run Build Command:"/usr/bin/make" "cmTC_77954/fast"
/Library/Developer/CommandLineTools/usr/bin/make -f CMakeFiles/cmTC_77954.dir/build.make CMakeFiles/cmTC_77954.dir/build
Building C object CMakeFiles/cmTC_77954.dir/feature_tests.c.o
/Library/Developer/CommandLineTools/usr/bin/cc   -std=c90 -o CMakeFiles/cmTC_77954.dir/feature_tests.c.o   -c /nfs/2018/z/zfaria/Desktop/projects/rt/lib/libpng-1.6.37/CMakeFiles/feature_tests.c
Linking C executable cmTC_77954
/nfs/2018/z/zfaria/.brew/Cellar/cmake/3.13.2/bin/cmake -E cmake_link_script CMakeFiles/cmTC_77954.dir/link.txt --verbose=1
/Library/Developer/CommandLineTools/usr/bin/cc   -Wl,-search_paths_first -Wl,-headerpad_max_install_names   CMakeFiles/cmTC_77954.dir/feature_tests.c.o  -o cmTC_77954 


    Feature record: C_FEATURE:1c_function_prototypes
    Feature record: C_FEATURE:0c_restrict
    Feature record: C_FEATURE:0c_static_assert
    Feature record: C_FEATURE:0c_variadic_macros
